<?xml version="1.0" encoding="UTF-8"?>
<testsuite name="AppTest" tests="5" skipped="0" failures="0" errors="0" timestamp="2016-04-20T21:58:46" hostname="epicodus-92.local" time="0.005">
  <properties/>
  <testcase name="App_doesAcceptRando_Array" classname="AppTest" time="0.003"/>
  <testcase name="App_doesAcceptInput_Array" classname="AppTest" time="0.0"/>
  <testcase name="App_doesReturnCompChoice_String" classname="AppTest" time="0.0"/>
  <testcase name="App_doesReturnPlayerChoice_String" classname="AppTest" time="0.0"/>
  <testcase name="App_didWin_String" classname="AppTest" time="0.0"/>
  <system-out><![CDATA[[1, 1]
[1, 1]
rock
paper
player
]]></system-out>
  <system-err><![CDATA[]]></system-err>
</testsuite>
