<?xml version="1.0" encoding="UTF-8"?>
<testsuite name="test" tests="1" skipped="0" failures="0" errors="0" timestamp="2016-04-20T17:04:13" hostname="epicodus-92.local" time="0.0">
  <properties/>
  <testcase name="doesApp_acceptInput_true" classname="test" time="0.0"/>
  <system-out><![CDATA[]]></system-out>
  <system-err><![CDATA[]]></system-err>
</testsuite>
